<?xml version="1.0" encoding="UTF-8"?>
<testsuite name="AnimalTest" tests="1" skipped="0" failures="0" errors="0" timestamp="2020-02-10T12:41:18" hostname="admin2-ThinkCentre-M72e" time="0.014">
  <properties/>
  <testcase name="TestCatEats()" classname="AnimalTest" time="0.014"/>
  <system-out><![CDATA[]]></system-out>
  <system-err><![CDATA[]]></system-err>
</testsuite>
